{"C:\\Users\\caiom\\Desktop\\estudo-vue\\todo-list\\src\\components\\InputTodo.vue": {"path":"C:\\Users\\caiom\\Desktop\\estudo-vue\\todo-list\\src\\components\\InputTodo.vue","statementMap":{"0":{"start":{"line":12,"column":0},"end":{"line":12,"column":null}},"1":{"start":{"line":14,"column":0},"end":{"line":14,"column":15}},"2":{"start":{"line":23,"column":23},"end":{"line":23,"column":25}},"3":{"start":{"line":24,"column":29},"end":{"line":28,"column":null}},"4":{"start":{"line":25,"column":12},"end":{"line":27,"column":null}},"5":{"start":{"line":26,"column":16},"end":{"line":26,"column":20}},"6":{"start":{"line":30,"column":8},"end":{"line":30,"column":15}}},"fnMap":{"0":{"name":"(anonymous_0)","decl":{"start":{"line":23,"column":4},"end":{"line":23,"column":9}},"loc":{"start":{"line":23,"column":25},"end":{"line":33,"column":null}}},"1":{"name":"(anonymous_1)","decl":{"start":{"line":24,"column":29},"end":{"line":24,"column":30}},"loc":{"start":{"line":24,"column":43},"end":{"line":28,"column":null}}}},"branchMap":{"0":{"loc":{"start":{"line":25,"column":12},"end":{"line":27,"column":null}},"type":"if","locations":[{"start":{"line":25,"column":12},"end":{"line":27,"column":null}}]}},"s":{"0":1,"1":1,"2":1,"3":1,"4":1,"5":1,"6":1},"f":{"0":1,"1":1},"b":{"0":[1]}}
}
