{"C:\\Users\\caiom\\Desktop\\estudo-vue\\todo-list\\src\\components\\InputTodo.vue": {"path":"C:\\Users\\caiom\\Desktop\\estudo-vue\\todo-list\\src\\components\\InputTodo.vue","statementMap":{"0":{"start":{"line":12,"column":0},"end":{"line":12,"column":null}},"1":{"start":{"line":14,"column":0},"end":{"line":14,"column":15}},"2":{"start":{"line":23,"column":23},"end":{"line":23,"column":25}},"3":{"start":{"line":24,"column":29},"end":{"line":28,"column":null}},"4":{"start":{"line":25,"column":12},"end":{"line":27,"column":null}},"5":{"start":{"line":26,"column":16},"end":{"line":26,"column":20}},"6":{"start":{"line":30,"column":8},"end":{"line":30,"column":15}}},"fnMap":{"0":{"name":"(anonymous_0)","decl":{"start":{"line":23,"column":4},"end":{"line":23,"column":9}},"loc":{"start":{"line":23,"column":25},"end":{"line":33,"column":null}}},"1":{"name":"(anonymous_1)","decl":{"start":{"line":24,"column":29},"end":{"line":24,"column":30}},"loc":{"start":{"line":24,"column":43},"end":{"line":28,"column":null}}}},"branchMap":{"0":{"loc":{"start":{"line":25,"column":12},"end":{"line":27,"column":null}},"type":"if","locations":[{"start":{"line":25,"column":12},"end":{"line":27,"column":null}}]}},"s":{"0":1,"1":1,"2":1,"3":1,"4":1,"5":1,"6":1},"f":{"0":1,"1":1},"b":{"0":[1]}}
,"C:\\Users\\caiom\\Desktop\\estudo-vue\\todo-list\\src\\components\\TodoButton.vue": {"path":"C:\\Users\\caiom\\Desktop\\estudo-vue\\todo-list\\src\\components\\TodoButton.vue","statementMap":{"0":{"start":{"line":6,"column":0},"end":{"line":6,"column":null}},"1":{"start":{"line":8,"column":0},"end":{"line":8,"column":15}},"2":{"start":{"line":17,"column":20},"end":{"line":17,"column":22}},"3":{"start":{"line":18,"column":18},"end":{"line":20,"column":null}},"4":{"start":{"line":19,"column":3},"end":{"line":19,"column":7}},"5":{"start":{"line":22,"column":2},"end":{"line":22,"column":9}}},"fnMap":{"0":{"name":"(anonymous_0)","decl":{"start":{"line":17,"column":1},"end":{"line":17,"column":6}},"loc":{"start":{"line":17,"column":22},"end":{"line":25,"column":null}}},"1":{"name":"(anonymous_1)","decl":{"start":{"line":18,"column":18},"end":{"line":18,"column":null}},"loc":{"start":{"line":18,"column":18},"end":{"line":20,"column":null}}}},"branchMap":{},"s":{"0":1,"1":1,"2":1,"3":1,"4":1,"5":1},"f":{"0":1,"1":1},"b":{}}
}
